<<<<<<< HEAD
timestamp: 2018-06-11T20:35:17.864164
=======
timestamp: 2018-06-11T21:04:24.703371
>>>>>>> f2d84d386ff2f64720d255a28df94a432011b92d
CREATE TABLE "auth_user"(
    "id" INTEGER PRIMARY KEY AUTOINCREMENT,
    "first_name" CHAR(128),
    "last_name" CHAR(128),
    "email" CHAR(512),
    "password" CHAR(512),
    "registration_key" CHAR(512),
    "reset_password_key" CHAR(512),
    "registration_id" CHAR(512)
);
success!
<<<<<<< HEAD
timestamp: 2018-06-11T20:35:17.869972
=======
timestamp: 2018-06-11T21:04:24.708732
>>>>>>> f2d84d386ff2f64720d255a28df94a432011b92d
CREATE TABLE "auth_group"(
    "id" INTEGER PRIMARY KEY AUTOINCREMENT,
    "role" CHAR(512),
    "description" TEXT
);
success!
<<<<<<< HEAD
timestamp: 2018-06-11T20:35:17.873199
=======
timestamp: 2018-06-11T21:04:24.711861
>>>>>>> f2d84d386ff2f64720d255a28df94a432011b92d
CREATE TABLE "auth_membership"(
    "id" INTEGER PRIMARY KEY AUTOINCREMENT,
    "user_id" INTEGER REFERENCES "auth_user" ("id") ON DELETE CASCADE  ,
    "group_id" INTEGER REFERENCES "auth_group" ("id") ON DELETE CASCADE  
);
success!
<<<<<<< HEAD
timestamp: 2018-06-11T20:35:17.876677
=======
timestamp: 2018-06-11T21:04:24.714629
>>>>>>> f2d84d386ff2f64720d255a28df94a432011b92d
CREATE TABLE "auth_permission"(
    "id" INTEGER PRIMARY KEY AUTOINCREMENT,
    "group_id" INTEGER REFERENCES "auth_group" ("id") ON DELETE CASCADE  ,
    "name" CHAR(512),
    "table_name" CHAR(512),
    "record_id" INTEGER
);
success!
<<<<<<< HEAD
timestamp: 2018-06-11T20:35:17.879841
=======
timestamp: 2018-06-11T21:04:24.717928
>>>>>>> f2d84d386ff2f64720d255a28df94a432011b92d
CREATE TABLE "auth_event"(
    "id" INTEGER PRIMARY KEY AUTOINCREMENT,
    "time_stamp" TIMESTAMP,
    "client_ip" CHAR(512),
    "user_id" INTEGER REFERENCES "auth_user" ("id") ON DELETE CASCADE  ,
    "origin" CHAR(512),
    "description" TEXT
);
success!
<<<<<<< HEAD
timestamp: 2018-06-11T20:35:17.884251
=======
timestamp: 2018-06-11T21:04:24.722653
>>>>>>> f2d84d386ff2f64720d255a28df94a432011b92d
CREATE TABLE "auth_cas"(
    "id" INTEGER PRIMARY KEY AUTOINCREMENT,
    "user_id" INTEGER REFERENCES "auth_user" ("id") ON DELETE CASCADE  ,
    "created_on" TIMESTAMP,
    "service" CHAR(512),
    "ticket" CHAR(512),
    "renew" CHAR(1)
);
success!
<<<<<<< HEAD
timestamp: 2018-06-11T20:35:17.888619
=======
timestamp: 2018-06-11T21:04:24.728564
>>>>>>> f2d84d386ff2f64720d255a28df94a432011b92d
CREATE TABLE "landlords"(
    "id" INTEGER PRIMARY KEY AUTOINCREMENT,
    "first_name" CHAR(512),
    "last_name" CHAR(512),
    "average_l_rating" DOUBLE,
    "average_p_rating" DOUBLE,
    "property_ids" TEXT,
    "review_ids" TEXT,
    "tag_ids" TEXT,
    "updated_on" TIMESTAMP
);
success!
<<<<<<< HEAD
timestamp: 2018-06-11T20:35:17.893092
=======
timestamp: 2018-06-11T21:04:24.733328
>>>>>>> f2d84d386ff2f64720d255a28df94a432011b92d
CREATE TABLE "properties"(
    "id" INTEGER PRIMARY KEY AUTOINCREMENT,
    "address" CHAR(512),
    "landlord_ids" TEXT,
    "tag_ids" TEXT,
    "updated_on" TIMESTAMP
);
success!
<<<<<<< HEAD
timestamp: 2018-06-11T20:35:17.897696
=======
timestamp: 2018-06-11T21:04:24.736919
>>>>>>> f2d84d386ff2f64720d255a28df94a432011b92d
CREATE TABLE "reviews"(
    "id" INTEGER PRIMARY KEY AUTOINCREMENT,
    "landlord_id" INTEGER,
    "property_id" INTEGER,
    "landlord_rating" INTEGER,
    "property_rating" INTEGER,
    "rent_with_landlord_again" CHAR(1),
    "rent_with_property_again" CHAR(1),
    "landlord_tag_ids" TEXT,
    "property_tag_ids" TEXT,
    "comments" TEXT,
    "updated_on" TIMESTAMP
);
success!
